Removed Pin From Net: NetName=MISO Pin=SD CARD-2
Removed Pin From Net: NetName=SCL Pin=SD CARD-3
Removed Pin From Net: NetName=RTS Pin=UPLOAD-4
Added Component: Designator=RTC(JP 1x3 DT)
Add component. Clean all parameters for all variants
Add component (AddParameter): Name = "Chung_Loai"; Value = "C?m"; VariantName = "[No Variations]"
Add component (AddParameter): Name = "Don_Vi"; Value = "Con"; VariantName = "[No Variations]"
Add component (AddParameter): Name = "Ghi_Chu"; Value = ""; VariantName = "[No Variations]"
Add component (AddParameter): Name = "Kieu_Chan"; Value = ""; VariantName = "[No Variations]"
Add component (AddParameter): Name = "Ma_Hang"; Value = "MH000903"; VariantName = "[No Variations]"
Add component (AddParameter): Name = "Ten_Linh_Kien"; Value = "Jump Ðon Ð?c 2.54MM 1x40P Th?ng 11MM"; VariantName = "[No Variations]"
Added Pin To Net: NetName=GND Pin=RTC-1
Added Pin To Net: NetName=SCL Pin=RTC-2
Added Pin To Net: NetName=SDA Pin=RTC-3
Added Pin To Net: NetName=SCK Pin=SD CARD-2
Added Pin To Net: NetName=MISO Pin=SD CARD-3
Added Pin To Net: NetName=RST Pin=UPLOAD-4
Added Net: Name=RST
Added Member To Class: ClassName=Sheet1 Member=Component RTC JP 1x3 2.54
Added Room: Name=Sheet1
