Add Component: Footprint Not Found ESP32-WROOM-32D
Add Component: Footprint Not Found Nut Nhan 2 Chan SMD 3x6x2.5
Add Component: Footprint Not Found Nut Nhan 2 Chan SMD 3x6x2.5
Add Component: Footprint Not Found DE PIN CR1220
Add Component: Footprint Not Found tu tantalum smd3216
Add Component: Footprint Not Found tu 0805
Add Component: Footprint Not Found tu 0805
Add Component: Footprint Not Found tu 0805
Add Component: Footprint Not Found tu 0805
Add Component: Footprint Not Found MicroSD Card
Add Component: Footprint Not Found JP 2x3 DT
Add Component: Footprint Not Found SOD80
Add Component: Footprint Not Found JP 1x3 DT
Add Component: Footprint Not Found SO16
Add Component: Footprint Not Found LED-0805-Red
Add Component: Footprint Not Found LED-0805-Red
Add Component: Footprint Not Found LED-0805-Red
Add Component: Footprint Not Found JP 1x3 DT
Add Component: Footprint Not Found JP 1x3 DT
Add Component: Footprint Not Found SOT23
Add Component: Footprint Not Found SOT23
Add Component: Footprint Not Found SOT23
Add Component: Footprint Not Found SOT23
Add Component: Footprint Not Found SOT23
Add Component: Footprint Not Found tro smd 0805
Add Component: Footprint Not Found tro smd 0805
Add Component: Footprint Not Found tro smd 0805
Add Component: Footprint Not Found tro smd 0805
Add Component: Footprint Not Found tro smd 0805
Add Component: Footprint Not Found tro smd 0805
Add Component: Footprint Not Found tro smd 0805
Add Component: Footprint Not Found tro smd 0805
Add Component: Footprint Not Found Tro SMD 0805
Add Component: Footprint Not Found Tro SMD 0805
Add Component: Footprint Not Found tro smd 0805
Add Component: Footprint Not Found tro smd 0805
Add Component: Footprint Not Found tro smd 0805
Add Component: Footprint Not Found tro smd 0805
Add Component: Footprint Not Found tro bang 0603 4
Add Component: Footprint Not Found tro bang 0603 4
Add Component: Footprint Not Found tro smd 0805
Add Component: Footprint Not Found tro smd 0805
Add Component: Footprint Not Found tro smd 0805
Add Component: Footprint Not Found tro smd 0805
Add Component: Footprint Not Found tro smd 0805
Add Component: Footprint Not Found tro smd 0805
Add Component: Footprint Not Found tro smd 0805
Add Component: Footprint Not Found JP 1x3 DT
Add Component: Footprint Not Found JP 1x5 DT
Add Component: Footprint Not Found JP 1x3 DT
Add Component: Footprint Not Found JP 1x3 DT
Add Component: Footprint Not Found JP 1x2 DT
Add Component: Footprint Not Found SOP8_L
Add Component: Footprint Not Found SOIC 16
Add Component: Footprint Not Found JP 1x6 DT
Add Pin To Net: Unknown Pin: Pin *-1
Add Pin To Net: Unknown Pin: Pin *-2
Add Pin To Net: Unknown Pin: Pin *-3
Add Pin To Net: Unknown Pin: Pin *-6
Add Pin To Net: Unknown Pin: Pin *-7
Add Pin To Net: Unknown Pin: Pin *-8
Add Pin To Net: Unknown Pin: Pin *-9
Add Pin To Net: Unknown Pin: Pin *-10
Add Pin To Net: Unknown Pin: Pin *-11
Add Pin To Net: Unknown Pin: Pin *-12
Add Pin To Net: Unknown Pin: Pin *-15
Add Pin To Net: Unknown Pin: Pin *-24
Add Pin To Net: Unknown Pin: Pin *-25
Add Pin To Net: Unknown Pin: Pin *-27
Add Pin To Net: Unknown Pin: Pin *-28
Add Pin To Net: Unknown Pin: Pin *-29
Add Pin To Net: Unknown Pin: Pin *-30
Add Pin To Net: Unknown Pin: Pin *-31
Add Pin To Net: Unknown Pin: Pin *-33
Add Pin To Net: Unknown Pin: Pin *-34
Add Pin To Net: Unknown Pin: Pin *-35
Add Pin To Net: Unknown Pin: Pin *-36
Add Pin To Net: Unknown Pin: Pin *-37
Add Pin To Net: Unknown Pin: Pin *-38
Add Pin To Net: Unknown Pin: Pin BT1-1
Add Pin To Net: Unknown Pin: Pin BT1-2
Add Pin To Net: Unknown Pin: Pin BT2-1
Add Pin To Net: Unknown Pin: Pin BT2-2
Add Pin To Net: Unknown Pin: Pin BT3-1
Add Pin To Net: Unknown Pin: Pin BT3-2
Add Pin To Net: Unknown Pin: Pin C1-1
Add Pin To Net: Unknown Pin: Pin C1-2
Add Pin To Net: Unknown Pin: Pin C2-1
Add Pin To Net: Unknown Pin: Pin C2-2
Add Pin To Net: Unknown Pin: Pin C3-1
Add Pin To Net: Unknown Pin: Pin C3-2
Add Pin To Net: Unknown Pin: Pin C4-1
Add Pin To Net: Unknown Pin: Pin C4-2
Add Pin To Net: Unknown Pin: Pin C5-1
Add Pin To Net: Unknown Pin: Pin C5-2
Add Pin To Net: Unknown Pin: Pin CN1-2
Add Pin To Net: Unknown Pin: Pin CN1-3
Add Pin To Net: Unknown Pin: Pin CN1-4
Add Pin To Net: Unknown Pin: Pin CN1-5
Add Pin To Net: Unknown Pin: Pin CN1-6
Add Pin To Net: Unknown Pin: Pin CN1-7
Add Pin To Net: Unknown Pin: Pin CN1-9
Add Pin To Net: Unknown Pin: Pin CN1-10
Add Pin To Net: Unknown Pin: Pin Connect-1
Add Pin To Net: Unknown Pin: Pin Connect-2
Add Pin To Net: Unknown Pin: Pin Connect-3
Add Pin To Net: Unknown Pin: Pin Connect-4
Add Pin To Net: Unknown Pin: Pin Connect-5
Add Pin To Net: Unknown Pin: Pin Connect-6
Add Pin To Net: Unknown Pin: Pin D1-1
Add Pin To Net: Unknown Pin: Pin D1-2
Add Pin To Net: Unknown Pin: Pin DO-1
Add Pin To Net: Unknown Pin: Pin DO-2
Add Pin To Net: Unknown Pin: Pin DO-3
Add Pin To Net: Unknown Pin: Pin IC1-1
Add Pin To Net: Unknown Pin: Pin IC1-3
Add Pin To Net: Unknown Pin: Pin IC1-4
Add Pin To Net: Unknown Pin: Pin IC1-6
Add Pin To Net: Unknown Pin: Pin IC1-7
Add Pin To Net: Unknown Pin: Pin IC1-8
Add Pin To Net: Unknown Pin: Pin IC1-9
Add Pin To Net: Unknown Pin: Pin IC1-10
Add Pin To Net: Unknown Pin: Pin IC1-11
Add Pin To Net: Unknown Pin: Pin IC1-13
Add Pin To Net: Unknown Pin: Pin IC1-14
Add Pin To Net: Unknown Pin: Pin IC1-15
Add Pin To Net: Unknown Pin: Pin IC1-16
Add Pin To Net: Unknown Pin: Pin L1-1
Add Pin To Net: Unknown Pin: Pin L1-2
Add Pin To Net: Unknown Pin: Pin L2-1
Add Pin To Net: Unknown Pin: Pin L2-2
Add Pin To Net: Unknown Pin: Pin L3-1
Add Pin To Net: Unknown Pin: Pin L3-2
Add Pin To Net: Unknown Pin: Pin pH-1
Add Pin To Net: Unknown Pin: Pin pH-2
Add Pin To Net: Unknown Pin: Pin pH-3
Add Pin To Net: Unknown Pin: Pin POW-1
Add Pin To Net: Unknown Pin: Pin POW-2
Add Pin To Net: Unknown Pin: Pin POW-3
Add Pin To Net: Unknown Pin: Pin Q1-1
Add Pin To Net: Unknown Pin: Pin Q1-2
Add Pin To Net: Unknown Pin: Pin Q1-3
Add Pin To Net: Unknown Pin: Pin Q2-1
Add Pin To Net: Unknown Pin: Pin Q2-2
Add Pin To Net: Unknown Pin: Pin Q2-3
Add Pin To Net: Unknown Pin: Pin Q3-1
Add Pin To Net: Unknown Pin: Pin Q3-2
Add Pin To Net: Unknown Pin: Pin Q3-3
Add Pin To Net: Unknown Pin: Pin Q4-1
Add Pin To Net: Unknown Pin: Pin Q4-2
Add Pin To Net: Unknown Pin: Pin Q4-3
Add Pin To Net: Unknown Pin: Pin Q5-1
Add Pin To Net: Unknown Pin: Pin Q5-2
Add Pin To Net: Unknown Pin: Pin Q5-3
Add Pin To Net: Unknown Pin: Pin R1-1
Add Pin To Net: Unknown Pin: Pin R1-2
Add Pin To Net: Unknown Pin: Pin R2-1
Add Pin To Net: Unknown Pin: Pin R2-2
Add Pin To Net: Unknown Pin: Pin R3-1
Add Pin To Net: Unknown Pin: Pin R3-2
Add Pin To Net: Unknown Pin: Pin R4-1
Add Pin To Net: Unknown Pin: Pin R4-2
Add Pin To Net: Unknown Pin: Pin R5-1
Add Pin To Net: Unknown Pin: Pin R5-2
Add Pin To Net: Unknown Pin: Pin R6-1
Add Pin To Net: Unknown Pin: Pin R6-2
Add Pin To Net: Unknown Pin: Pin R7-1
Add Pin To Net: Unknown Pin: Pin R7-2
Add Pin To Net: Unknown Pin: Pin R8-1
Add Pin To Net: Unknown Pin: Pin R8-2
Add Pin To Net: Unknown Pin: Pin R9-1
Add Pin To Net: Unknown Pin: Pin R9-2
Add Pin To Net: Unknown Pin: Pin R10-1
Add Pin To Net: Unknown Pin: Pin R10-2
Add Pin To Net: Unknown Pin: Pin R11-1
Add Pin To Net: Unknown Pin: Pin R11-2
Add Pin To Net: Unknown Pin: Pin R12-1
Add Pin To Net: Unknown Pin: Pin R12-2
Add Pin To Net: Unknown Pin: Pin R13-1
Add Pin To Net: Unknown Pin: Pin R13-2
Add Pin To Net: Unknown Pin: Pin R14-1
Add Pin To Net: Unknown Pin: Pin R14-2
Add Pin To Net: Unknown Pin: Pin R15-2
Add Pin To Net: Unknown Pin: Pin R15-3
Add Pin To Net: Unknown Pin: Pin R15-4
Add Pin To Net: Unknown Pin: Pin R15-5
Add Pin To Net: Unknown Pin: Pin R15-6
Add Pin To Net: Unknown Pin: Pin R15-7
Add Pin To Net: Unknown Pin: Pin R15-8
Add Pin To Net: Unknown Pin: Pin R16-1
Add Pin To Net: Unknown Pin: Pin R16-2
Add Pin To Net: Unknown Pin: Pin R16-3
Add Pin To Net: Unknown Pin: Pin R16-4
Add Pin To Net: Unknown Pin: Pin R16-5
Add Pin To Net: Unknown Pin: Pin R16-6
Add Pin To Net: Unknown Pin: Pin R16-7
Add Pin To Net: Unknown Pin: Pin R16-8
Add Pin To Net: Unknown Pin: Pin R17-1
Add Pin To Net: Unknown Pin: Pin R17-2
Add Pin To Net: Unknown Pin: Pin R18-1
Add Pin To Net: Unknown Pin: Pin R18-2
Add Pin To Net: Unknown Pin: Pin R19-1
Add Pin To Net: Unknown Pin: Pin R19-2
Add Pin To Net: Unknown Pin: Pin R20-1
Add Pin To Net: Unknown Pin: Pin R20-2
Add Pin To Net: Unknown Pin: Pin R21-1
Add Pin To Net: Unknown Pin: Pin R21-2
Add Pin To Net: Unknown Pin: Pin R22-1
Add Pin To Net: Unknown Pin: Pin R22-2
Add Pin To Net: Unknown Pin: Pin R?-1
Add Pin To Net: Unknown Pin: Pin R?-2
Add Pin To Net: Unknown Pin: Pin RTC-1
Add Pin To Net: Unknown Pin: Pin RTC-2
Add Pin To Net: Unknown Pin: Pin RTC-3
Add Pin To Net: Unknown Pin: Pin SD CARD-1
Add Pin To Net: Unknown Pin: Pin SD CARD-2
Add Pin To Net: Unknown Pin: Pin SD CARD-3
Add Pin To Net: Unknown Pin: Pin SD CARD-4
Add Pin To Net: Unknown Pin: Pin SD CARD-5
Add Pin To Net: Unknown Pin: Pin SIM_UART-1
Add Pin To Net: Unknown Pin: Pin SIM_UART-2
Add Pin To Net: Unknown Pin: Pin SIM_UART-3
Add Pin To Net: Unknown Pin: Pin TDS-1
Add Pin To Net: Unknown Pin: Pin TDS-2
Add Pin To Net: Unknown Pin: Pin TDS-3
Add Pin To Net: Unknown Pin: Pin TEMP-1
Add Pin To Net: Unknown Pin: Pin TEMP-2
Add Pin To Net: Unknown Pin: Pin U1-1
Add Pin To Net: Unknown Pin: Pin U1-2
Add Pin To Net: Unknown Pin: Pin U1-3
Add Pin To Net: Unknown Pin: Pin U1-4
Add Pin To Net: Unknown Pin: Pin U1-5
Add Pin To Net: Unknown Pin: Pin U1-6
Add Pin To Net: Unknown Pin: Pin U1-7
Add Pin To Net: Unknown Pin: Pin U1-8
Add Pin To Net: Unknown Pin: Pin U2-1
Add Pin To Net: Unknown Pin: Pin U2-2
Add Pin To Net: Unknown Pin: Pin U2-3
Add Pin To Net: Unknown Pin: Pin U2-5
Add Pin To Net: Unknown Pin: Pin U2-6
Add Pin To Net: Unknown Pin: Pin U2-7
Add Pin To Net: Unknown Pin: Pin U2-8
Add Pin To Net: Unknown Pin: Pin U2-9
Add Pin To Net: Unknown Pin: Pin U2-10
Add Pin To Net: Unknown Pin: Pin U2-11
Add Pin To Net: Unknown Pin: Pin U2-12
Add Pin To Net: Unknown Pin: Pin U2-13
Add Pin To Net: Unknown Pin: Pin U2-14
Add Pin To Net: Unknown Pin: Pin U2-15
Add Pin To Net: Unknown Pin: Pin U2-16
Add Pin To Net: Unknown Pin: Pin UPLOAD-1
Add Pin To Net: Unknown Pin: Pin UPLOAD-2
Add Pin To Net: Unknown Pin: Pin UPLOAD-3
Add Pin To Net: Unknown Pin: Pin UPLOAD-4
Add Pin To Net: Unknown Pin: Pin UPLOAD-5
Add Class Member: Failed to add class member : Component * ESP32 WROOM 32
Add Class Member: Failed to add class member : Component BT1 Nut Nhan 2 Chan SMD 3x6x2.5
Add Class Member: Failed to add class member : Component BT2 Nut Nhan 2 Chan SMD 3x6x2.5
Add Class Member: Failed to add class member : Component BT3 CR1220 SMD
Add Class Member: Failed to add class member : Component C1 1uF
Add Class Member: Failed to add class member : Component C2 33nF
Add Class Member: Failed to add class member : Component C3 33nF
Add Class Member: Failed to add class member : Component C4 104
Add Class Member: Failed to add class member : Component C5 104
Add Class Member: Failed to add class member : Component CN1 MicroSD Card
Add Class Member: Failed to add class member : Component Connect JP 2x3 2.54
Add Class Member: Failed to add class member : Component D1 Diode
Add Class Member: Failed to add class member : Component DO
Add Class Member: Failed to add class member : Component IC1 4053
Add Class Member: Failed to add class member : Component L1 LED 0805
Add Class Member: Failed to add class member : Component L2 LED 0805
Add Class Member: Failed to add class member : Component L3 LED 0805
Add Class Member: Failed to add class member : Component pH
Add Class Member: Failed to add class member : Component POW JP 1x3 2.54
Add Class Member: Failed to add class member : Component Q1 DMN2075U-7
Add Class Member: Failed to add class member : Component Q2 DMN2075U-7
Add Class Member: Failed to add class member : Component Q3 DMN2075U-7
Add Class Member: Failed to add class member : Component Q4 HF
Add Class Member: Failed to add class member : Component Q5 HF
Add Class Member: Failed to add class member : Component R1 10k
Add Class Member: Failed to add class member : Component R2 10k
Add Class Member: Failed to add class member : Component R3 10k
Add Class Member: Failed to add class member : Component R4 10k
Add Class Member: Failed to add class member : Component R5 10k
Add Class Member: Failed to add class member : Component R6 10k
Add Class Member: Failed to add class member : Component R7 10k
Add Class Member: Failed to add class member : Component R8 10k
Add Class Member: Failed to add class member : Component R9 470R
Add Class Member: Failed to add class member : Component R10 470R
Add Class Member: Failed to add class member : Component R11 1k
Add Class Member: Failed to add class member : Component R12 1k
Add Class Member: Failed to add class member : Component R13 10k
Add Class Member: Failed to add class member : Component R14 10k
Add Class Member: Failed to add class member : Component R15 4.7k
Add Class Member: Failed to add class member : Component R16 4.7k
Add Class Member: Failed to add class member : Component R17 200R
Add Class Member: Failed to add class member : Component R18 1k
Add Class Member: Failed to add class member : Component R19 1k
Add Class Member: Failed to add class member : Component R20 1k
Add Class Member: Failed to add class member : Component R21 1k
Add Class Member: Failed to add class member : Component R22 1k
Add Class Member: Failed to add class member : Component R? 10k
Add Class Member: Failed to add class member : Component RTC JP 1x3 2.54
Add Class Member: Failed to add class member : Component SD CARD JP 1x5 2.54
Add Class Member: Failed to add class member : Component SIM_UART
Add Class Member: Failed to add class member : Component TDS
Add Class Member: Failed to add class member : Component TEMP JP 1x2 2.54
Add Class Member: Failed to add class member : Component U1 M95080
Add Class Member: Failed to add class member : Component U2 DS3231 SMD
Add Class Member: Failed to add class member : Component UPLOAD JP 1x6 2.54
Added Room: Name=Sheet1
