Added Component: Designator=CN1(MicroSD Card)
Add component. Clean all parameters for all variants
Added Component: Designator=R19(tro smd 0805)
Add component. Clean all parameters for all variants
Add component (AddParameter): Name = "Chung_Loai"; Value = "Dán"; VariantName = "[No Variations]"
Add component (AddParameter): Name = "Don_Vi"; Value = "Con"; VariantName = "[No Variations]"
Add component (AddParameter): Name = "Kieu_Chan"; Value = ""; VariantName = "[No Variations]"
Add component (AddParameter): Name = "Ma_Hang"; Value = "MH005468"; VariantName = "[No Variations]"
Add component (AddParameter): Name = "So_Chan"; Value = "2"; VariantName = "[No Variations]"
Add component (AddParameter): Name = "Ten_Linh_Kien"; Value = "Tr? 0805 1% 1k"; VariantName = "[No Variations]"
Added Component: Designator=R20(tro smd 0805)
Add component. Clean all parameters for all variants
Add component (AddParameter): Name = "Chung_Loai"; Value = "Dán"; VariantName = "[No Variations]"
Add component (AddParameter): Name = "Don_Vi"; Value = "Con"; VariantName = "[No Variations]"
Add component (AddParameter): Name = "Kieu_Chan"; Value = ""; VariantName = "[No Variations]"
Add component (AddParameter): Name = "Ma_Hang"; Value = "MH005468"; VariantName = "[No Variations]"
Add component (AddParameter): Name = "So_Chan"; Value = "2"; VariantName = "[No Variations]"
Add component (AddParameter): Name = "Ten_Linh_Kien"; Value = "Tr? 0805 1% 1k"; VariantName = "[No Variations]"
Added Component: Designator=R21(tro smd 0805)
Add component. Clean all parameters for all variants
Add component (AddParameter): Name = "Chung_Loai"; Value = "Dán"; VariantName = "[No Variations]"
Add component (AddParameter): Name = "Don_Vi"; Value = "Con"; VariantName = "[No Variations]"
Add component (AddParameter): Name = "Kieu_Chan"; Value = ""; VariantName = "[No Variations]"
Add component (AddParameter): Name = "Ma_Hang"; Value = "MH005468"; VariantName = "[No Variations]"
Add component (AddParameter): Name = "So_Chan"; Value = "2"; VariantName = "[No Variations]"
Add component (AddParameter): Name = "Ten_Linh_Kien"; Value = "Tr? 0805 1% 1k"; VariantName = "[No Variations]"
Added Component: Designator=R22(tro smd 0805)
Add component. Clean all parameters for all variants
Add component (AddParameter): Name = "Chung_Loai"; Value = "Dán"; VariantName = "[No Variations]"
Add component (AddParameter): Name = "Don_Vi"; Value = "Con"; VariantName = "[No Variations]"
Add component (AddParameter): Name = "Kieu_Chan"; Value = ""; VariantName = "[No Variations]"
Add component (AddParameter): Name = "Ma_Hang"; Value = "MH005468"; VariantName = "[No Variations]"
Add component (AddParameter): Name = "So_Chan"; Value = "2"; VariantName = "[No Variations]"
Add component (AddParameter): Name = "Ten_Linh_Kien"; Value = "Tr? 0805 1% 1k"; VariantName = "[No Variations]"
Added Pin To Net: NetName=CS Pin=CN1-2
Added Pin To Net: NetName=MOSI Pin=CN1-3
Added Pin To Net: NetName=3.3V Pin=CN1-4
Added Pin To Net: NetName=SCK Pin=CN1-5
Added Pin To Net: NetName=GND Pin=CN1-6
Added Pin To Net: NetName=MISO Pin=CN1-7
Added Pin To Net: NetName=CS Pin=R19-1
Added Pin To Net: NetName=3.3V Pin=R19-2
Added Pin To Net: NetName=MOSI Pin=R20-1
Added Pin To Net: NetName=3.3V Pin=R20-2
Added Pin To Net: NetName=SCK Pin=R21-1
Added Pin To Net: NetName=3.3V Pin=R21-2
Added Pin To Net: NetName=MISO Pin=R22-1
Added Pin To Net: NetName=3.3V Pin=R22-2
Added Member To Class: ClassName=Sheet1 Member=Component CN1 MicroSD Card
Added Member To Class: ClassName=Sheet1 Member=Component R19 1k
Added Member To Class: ClassName=Sheet1 Member=Component R20 1k
Added Member To Class: ClassName=Sheet1 Member=Component R21 1k
Added Member To Class: ClassName=Sheet1 Member=Component R22 1k
Added Room: Name=Sheet1
