Added Component: Designator=R23(tro smd 0805)
Add component. Clean all parameters for all variants
Add component (AddParameter): Name = "Chung_Loai"; Value = "Dán"; VariantName = "[No Variations]"
Add component (AddParameter): Name = "Don_Vi"; Value = "Con"; VariantName = "[No Variations]"
Add component (AddParameter): Name = "Kieu_Chan"; Value = ""; VariantName = "[No Variations]"
Add component (AddParameter): Name = "Ma_Hang"; Value = "MH005473"; VariantName = "[No Variations]"
Add component (AddParameter): Name = "So_Chan"; Value = "2"; VariantName = "[No Variations]"
Add component (AddParameter): Name = "Ten_Linh_Kien"; Value = "Tr? 0805 1% 10k"; VariantName = "[No Variations]"
Added Pin To Net: NetName=Temp_ADC Pin=R23-1
Added Pin To Net: NetName=3.3V Pin=R23-2
Added Member To Class: ClassName=Sheet1 Member=Component * ESP32 WROOM 32
Added Member To Class: ClassName=Sheet1 Member=Component BT1 Nut Nhan 2 Chan SMD 3x6x2.5
Added Member To Class: ClassName=Sheet1 Member=Component BT2 Nut Nhan 2 Chan SMD 3x6x2.5
Added Member To Class: ClassName=Sheet1 Member=Component BT3 CR1220 SMD
Added Member To Class: ClassName=Sheet1 Member=Component C1 1uF
Added Member To Class: ClassName=Sheet1 Member=Component C2 33nF
Added Member To Class: ClassName=Sheet1 Member=Component C3 33nF
Added Member To Class: ClassName=Sheet1 Member=Component C4 104
Added Member To Class: ClassName=Sheet1 Member=Component C5 104
Added Member To Class: ClassName=Sheet1 Member=Component CN1 MicroSD Card
Added Member To Class: ClassName=Sheet1 Member=Component Connect JP 2x3 2.54
Added Member To Class: ClassName=Sheet1 Member=Component D1 Diode
Added Member To Class: ClassName=Sheet1 Member=Component DO
Added Member To Class: ClassName=Sheet1 Member=Component IC1 4053
Added Member To Class: ClassName=Sheet1 Member=Component L1 LED 0805
Added Member To Class: ClassName=Sheet1 Member=Component L2 LED 0805
Added Member To Class: ClassName=Sheet1 Member=Component L3 LED 0805
Added Member To Class: ClassName=Sheet1 Member=Component pH
Added Member To Class: ClassName=Sheet1 Member=Component POW JP 1x3 2.54
Added Member To Class: ClassName=Sheet1 Member=Component Q1 DMN2075U-7
Added Member To Class: ClassName=Sheet1 Member=Component Q2 DMN2075U-7
Added Member To Class: ClassName=Sheet1 Member=Component Q3 DMN2075U-7
Added Member To Class: ClassName=Sheet1 Member=Component Q4 HF
Added Member To Class: ClassName=Sheet1 Member=Component Q5 HF
Added Member To Class: ClassName=Sheet1 Member=Component R1 10k
Added Member To Class: ClassName=Sheet1 Member=Component R2 10k
Added Member To Class: ClassName=Sheet1 Member=Component R3 10k
Added Member To Class: ClassName=Sheet1 Member=Component R4 10k
Added Member To Class: ClassName=Sheet1 Member=Component R5 10k
Added Member To Class: ClassName=Sheet1 Member=Component R6 10k
Added Member To Class: ClassName=Sheet1 Member=Component R7 10k
Added Member To Class: ClassName=Sheet1 Member=Component R8 10k
Added Member To Class: ClassName=Sheet1 Member=Component R9 470R
Added Member To Class: ClassName=Sheet1 Member=Component R10 470R
Added Member To Class: ClassName=Sheet1 Member=Component R11 1k
Added Member To Class: ClassName=Sheet1 Member=Component R12 1k
Added Member To Class: ClassName=Sheet1 Member=Component R13 10k
Added Member To Class: ClassName=Sheet1 Member=Component R14 10k
Added Member To Class: ClassName=Sheet1 Member=Component R15 4.7k
Added Member To Class: ClassName=Sheet1 Member=Component R16 4.7k
Added Member To Class: ClassName=Sheet1 Member=Component R17 200R
Added Member To Class: ClassName=Sheet1 Member=Component R18 1k
Added Member To Class: ClassName=Sheet1 Member=Component R19 1k
Added Member To Class: ClassName=Sheet1 Member=Component R20 1k
Added Member To Class: ClassName=Sheet1 Member=Component R21 1k
Added Member To Class: ClassName=Sheet1 Member=Component R22 1k
Added Member To Class: ClassName=Sheet1 Member=Component R23 10k
Added Member To Class: ClassName=Sheet1 Member=Component RTC JP 1x3 2.54
Added Member To Class: ClassName=Sheet1 Member=Component SD CARD JP 1x5 2.54
Added Member To Class: ClassName=Sheet1 Member=Component SIM_UART
Added Member To Class: ClassName=Sheet1 Member=Component TDS
Added Member To Class: ClassName=Sheet1 Member=Component TEMP JP 1x2 2.54
Added Member To Class: ClassName=Sheet1 Member=Component U1 M95080
Added Member To Class: ClassName=Sheet1 Member=Component U2 DS3231 SMD
Added Member To Class: ClassName=Sheet1 Member=Component UPLOAD JP 1x6 2.54
Added Room: Name=Sheet1
