Removed Pin From Net: NetName=GND Pin=DisP1-1
Removed Pin From Net: NetName=SCL Pin=DisP1-2
Removed Pin From Net: NetName=SDA Pin=DisP1-3
Removed Pin From Net: NetName=GND Pin=RTC1-1
Removed Pin From Net: NetName=SCL Pin=RTC1-2
Removed Pin From Net: NetName=SDA Pin=RTC1-3
Removed Member From Class: ClassName=Sheet2 Member=DisP1
Removed Member From Class: ClassName=Sheet2 Member=RTC1
Added Component: Designator=JP1(JP 1x4 CT)
Add component (AddParameter): Name = "Chung_Loai"; Value = "C?m"; VariantName = "[No Variations]"
Add component (AddParameter): Name = "Don_Vi"; Value = "Con"; VariantName = "[No Variations]"
Add component (AddParameter): Name = "Ghi_Chu"; Value = ""; VariantName = "[No Variations]"
Add component (AddParameter): Name = "Kieu_Chan"; Value = ""; VariantName = "[No Variations]"
Add component (AddParameter): Name = "Ma_Hang"; Value = "MH004006"; VariantName = "[No Variations]"
Add component (AddParameter): Name = "Ten_Linh_Kien"; Value = "Jump Ðon Cái 2.54MM 1x20P Th?ng"; VariantName = "[No Variations]"
Added Component: Designator=JP4(JP 1x4 CT)
Add component (AddParameter): Name = "Chung_Loai"; Value = "C?m"; VariantName = "[No Variations]"
Add component (AddParameter): Name = "Don_Vi"; Value = "Con"; VariantName = "[No Variations]"
Add component (AddParameter): Name = "Ghi_Chu"; Value = ""; VariantName = "[No Variations]"
Add component (AddParameter): Name = "Kieu_Chan"; Value = ""; VariantName = "[No Variations]"
Add component (AddParameter): Name = "Ma_Hang"; Value = "MH004006"; VariantName = "[No Variations]"
Add component (AddParameter): Name = "Ten_Linh_Kien"; Value = "Jump Ðon Cái 2.54MM 1x20P Th?ng"; VariantName = "[No Variations]"
Added Pin To Net: NetName=GND Pin=JP1-1
Added Pin To Net: NetName=5V Pin=JP1-2
Added Pin To Net: NetName=SCL Pin=JP1-3
Added Pin To Net: NetName=SDA Pin=JP1-4
Added Pin To Net: NetName=GND Pin=JP4-1
Added Pin To Net: NetName=5V Pin=JP4-2
Added Pin To Net: NetName=SDA Pin=JP4-3
Added Pin To Net: NetName=SCL Pin=JP4-4
Added Member To Class: ClassName=Sheet2 Member=Component JP1 DisP
Added Member To Class: ClassName=Sheet2 Member=Component JP4 RTC
Added Room: Name=Sheet2
