Removed Pin From Net: NetName=pH_ON Pin=Q?-2
Removed Pin From Net: NetName=pH_ON_5V Pin=Q?-3
Change Component Designator: OldDesignator=C? NewDesignator=C1
Change Component Designator: OldDesignator=C? NewDesignator=C2
Change Component Designator: OldDesignator=C? NewDesignator=C3
Change Component Designator: OldDesignator=C? NewDesignator=C4
Change Component Designator: OldDesignator=C? NewDesignator=C5
Change Component Designator: OldDesignator=C? NewDesignator=C6
Change Component Designator: OldDesignator=D? NewDesignator=D1
Change Component Designator: OldDesignator=D? NewDesignator=D2
Change Component Designator: OldDesignator=DisP? NewDesignator=DisP1
Change Component Designator: OldDesignator=IC? NewDesignator=IC1
Change Component Designator: OldDesignator=JP? NewDesignator=JP1
Change Component Designator: OldDesignator=JP? NewDesignator=JP2
Change Component Designator: OldDesignator=pH? NewDesignator=pH1
Change Component Designator: OldDesignator=POW? NewDesignator=POW1
Change Component Designator: OldDesignator=Q? NewDesignator=Q4
Change Component Designator: OldDesignator=Q? NewDesignator=Q5
Change Component Designator: OldDesignator=R? NewDesignator=R1
Change Component Designator: OldDesignator=R? NewDesignator=R2
Change Component Designator: OldDesignator=R? NewDesignator=R3
Change Component Designator: OldDesignator=R? NewDesignator=R4
Change Component Designator: OldDesignator=R? NewDesignator=R5
Change Component Designator: OldDesignator=R? NewDesignator=R6
Change Component Designator: OldDesignator=R? NewDesignator=R7
Change Component Designator: OldDesignator=R? NewDesignator=R8
Change Component Designator: OldDesignator=R? NewDesignator=R9
Change Component Designator: OldDesignator=R? NewDesignator=R10
Change Component Designator: OldDesignator=R? NewDesignator=R11
Change Component Designator: OldDesignator=R? NewDesignator=R12
Change Component Designator: OldDesignator=R? NewDesignator=R13
Change Component Designator: OldDesignator=RL? NewDesignator=RL1
Change Component Designator: OldDesignator=RL? NewDesignator=RL2
Change Component Designator: OldDesignator=RTC? NewDesignator=RTC1
Change Component Designator: OldDesignator=SD CARD? NewDesignator=SD CARD1
Change Component Designator: OldDesignator=SIM_UART? NewDesignator=SIM_UART1
Change Component Designator: OldDesignator=TEMP? NewDesignator=TEMP1
Added Pin To Net: NetName=GND Pin=Q5-2
Change Net Name : Old Net Name=NetJP?_1 New Net Name=NetJP2_1
Change Net Name : Old Net Name=NetJP?_3 New Net Name=NetJP2_3
Change Net Name : Old Net Name=NetQ?_1 New Net Name=NetQ5_1
Added Pin To Net: NetName=NetD1_1 Pin=D1-1
Added Pin To Net: NetName=NetD1_1 Pin=Q4-3
Added Pin To Net: NetName=NetD1_1 Pin=RL1-12
Added Net: Name=NetD1_1
Added Pin To Net: NetName=NetD2_1 Pin=D2-1
Added Pin To Net: NetName=NetD2_1 Pin=Q5-3
Added Pin To Net: NetName=NetD2_1 Pin=RL2-12
Added Net: Name=NetD2_1
Added Pin To Net: NetName=NetJP1_1 Pin=JP1-1
Added Pin To Net: NetName=NetJP1_1 Pin=RL1-5
Added Net: Name=NetJP1_1
Added Pin To Net: NetName=NetJP1_3 Pin=JP1-3
Added Pin To Net: NetName=NetJP1_3 Pin=RL1-8
Added Net: Name=NetJP1_3
Added Pin To Net: NetName=NetQ4_1 Pin=Q4-1
Added Pin To Net: NetName=NetQ4_1 Pin=R7-2
Added Net: Name=NetQ4_1
Added Member To Class: ClassName=Sheet2 Member=Component C1 10uF
Added Member To Class: ClassName=Sheet2 Member=Component C2 100u
Added Member To Class: ClassName=Sheet2 Member=Component C4 JP15
Added Member To Class: ClassName=Sheet2 Member=Component C5 10uF
Added Member To Class: ClassName=Sheet2 Member=Component C6 100u
Added Member To Class: ClassName=Sheet2 Member=Component D1 D Schottky
Added Member To Class: ClassName=Sheet2 Member=Component D2 D Schottky
Added Member To Class: ClassName=Sheet2 Member=Component JP1 EC
Added Member To Class: ClassName=Sheet2 Member=Component Q5 HF
Added Member To Class: ClassName=Sheet2 Member=Component R1 10k
Added Member To Class: ClassName=Sheet2 Member=Component R3 10k
Added Member To Class: ClassName=Sheet2 Member=Component R4 10k
Added Member To Class: ClassName=Sheet2 Member=Component R5 10k
Added Member To Class: ClassName=Sheet2 Member=Component R6 10k
Added Member To Class: ClassName=Sheet2 Member=Component R7 1k
Added Member To Class: ClassName=Sheet2 Member=Component R8 10k
Added Member To Class: ClassName=Sheet2 Member=Component R9 1k
Added Member To Class: ClassName=Sheet2 Member=Component R10 1k
Added Member To Class: ClassName=Sheet2 Member=Component R11 1k
Added Member To Class: ClassName=Sheet2 Member=Component R12 1k
Added Member To Class: ClassName=Sheet2 Member=Component R13 1k
Added Member To Class: ClassName=Sheet2 Member=Component RL1 RL-G6S-2
Added Member To Class: ClassName=Sheet2 Member=Component RL2 RL-G6S-2
