Added Component: Designator=D4(LED_SMD_0805_RED)
Add component (AddParameter): Name = "LatestRevisionDate"; Value = "08-Jul-2005"; VariantName = "[No Variations]"
Add component (AddParameter): Name = "LatestRevisionNote"; Value = "Mech Layer 1 removed."; VariantName = "[No Variations]"
Add component (AddParameter): Name = "PackageReference"; Value = "LED-0"; VariantName = "[No Variations]"
Add component (AddParameter): Name = "Published"; Value = "8-Jun-2000"; VariantName = "[No Variations]"
Add component (AddParameter): Name = "Publisher"; Value = "Altium Limited"; VariantName = "[No Variations]"
Added Component: Designator=JDC1(DC-IN)
Add component (AddParameter): Name = "Value"; Value = "Jac DC"; VariantName = "[No Variations]"
Added Component: Designator=U2(TO263-5)
Added Pin To Net: NetName=DC_IN Pin=C10-1
Added Pin To Net: NetName=NetD4_1 Pin=D4-1
Added Pin To Net: NetName=GND Pin=D4-2
Added Pin To Net: NetName=DC_IN Pin=JDC1-1
Added Pin To Net: NetName=GND Pin=JDC1-2
Added Pin To Net: NetName=GND Pin=JDC1-3
Added Pin To Net: NetName=5V_SIM Pin=JP3-4
Added Pin To Net: NetName=DC_IN Pin=U2-1
Added Pin To Net: NetName=NetD3_2 Pin=U2-2
Added Pin To Net: NetName=GND Pin=U2-3
Added Pin To Net: NetName=NetC9_2 Pin=U2-4
Added Pin To Net: NetName=GND Pin=U2-5
Added Member To Class: ClassName=Sheet2 Member=Component D4 LED
Added Member To Class: ClassName=Sheet2 Member=Component JDC1 Jac DC
Added Member To Class: ClassName=Sheet2 Member=Component U2 LM2596_ADJ
