Removed Pin From Net: NetName=CSO Pin=CN1-1
Removed Pin From Net: NetName=MOSI Pin=CN1-2
Removed Pin From Net: NetName=3.3V Pin=CN1-3
Removed Pin From Net: NetName=CLK Pin=CN1-4
Removed Pin From Net: NetName=GND Pin=CN1-5
Removed Pin From Net: NetName=MISO Pin=CN1-6
Removed Pin From Net: NetName=CSO Pin=R10-1
Removed Pin From Net: NetName=3.3V Pin=R10-2
Removed Pin From Net: NetName=MOSI Pin=R11-1
Removed Pin From Net: NetName=3.3V Pin=R11-2
Removed Pin From Net: NetName=CLK Pin=R12-1
Removed Pin From Net: NetName=3.3V Pin=R12-2
Removed Pin From Net: NetName=MISO Pin=R13-1
Removed Pin From Net: NetName=3.3V Pin=R13-2
Added Component: Designator=CN1(MicroSD Card)
Added Component: Designator=R10(tro smd 0805)
Add component (AddParameter): Name = "Chung_Loai"; Value = "Dán"; VariantName = "[No Variations]"
Add component (AddParameter): Name = "Don_Vi"; Value = "Con"; VariantName = "[No Variations]"
Add component (AddParameter): Name = "Kieu_Chan"; Value = ""; VariantName = "[No Variations]"
Add component (AddParameter): Name = "Ma_Hang"; Value = "MH005468"; VariantName = "[No Variations]"
Add component (AddParameter): Name = "So_Chan"; Value = "2"; VariantName = "[No Variations]"
Add component (AddParameter): Name = "Ten_Linh_Kien"; Value = "Tr? 0805 1% 1k"; VariantName = "[No Variations]"
Added Component: Designator=R11(tro smd 0805)
Add component (AddParameter): Name = "Chung_Loai"; Value = "Dán"; VariantName = "[No Variations]"
Add component (AddParameter): Name = "Don_Vi"; Value = "Con"; VariantName = "[No Variations]"
Add component (AddParameter): Name = "Kieu_Chan"; Value = ""; VariantName = "[No Variations]"
Add component (AddParameter): Name = "Ma_Hang"; Value = "MH005468"; VariantName = "[No Variations]"
Add component (AddParameter): Name = "So_Chan"; Value = "2"; VariantName = "[No Variations]"
Add component (AddParameter): Name = "Ten_Linh_Kien"; Value = "Tr? 0805 1% 1k"; VariantName = "[No Variations]"
Added Component: Designator=R12(tro smd 0805)
Add component (AddParameter): Name = "Chung_Loai"; Value = "Dán"; VariantName = "[No Variations]"
Add component (AddParameter): Name = "Don_Vi"; Value = "Con"; VariantName = "[No Variations]"
Add component (AddParameter): Name = "Kieu_Chan"; Value = ""; VariantName = "[No Variations]"
Add component (AddParameter): Name = "Ma_Hang"; Value = "MH005468"; VariantName = "[No Variations]"
Add component (AddParameter): Name = "So_Chan"; Value = "2"; VariantName = "[No Variations]"
Add component (AddParameter): Name = "Ten_Linh_Kien"; Value = "Tr? 0805 1% 1k"; VariantName = "[No Variations]"
Added Component: Designator=R13(tro smd 0805)
Add component (AddParameter): Name = "Chung_Loai"; Value = "Dán"; VariantName = "[No Variations]"
Add component (AddParameter): Name = "Don_Vi"; Value = "Con"; VariantName = "[No Variations]"
Add component (AddParameter): Name = "Kieu_Chan"; Value = ""; VariantName = "[No Variations]"
Add component (AddParameter): Name = "Ma_Hang"; Value = "MH005468"; VariantName = "[No Variations]"
Add component (AddParameter): Name = "So_Chan"; Value = "2"; VariantName = "[No Variations]"
Add component (AddParameter): Name = "Ten_Linh_Kien"; Value = "Tr? 0805 1% 1k"; VariantName = "[No Variations]"
Added Pin To Net: NetName=CSO Pin=CN1-1
Added Pin To Net: NetName=MOSI Pin=CN1-2
Added Pin To Net: NetName=3.3V Pin=CN1-3
Added Pin To Net: NetName=CLK Pin=CN1-4
Added Pin To Net: NetName=GND Pin=CN1-5
Added Pin To Net: NetName=MISO Pin=CN1-6
Added Pin To Net: NetName=GND Pin=Q4-2
Added Pin To Net: NetName=CSO Pin=R10-1
Added Pin To Net: NetName=3.3V Pin=R10-2
Added Pin To Net: NetName=MOSI Pin=R11-1
Added Pin To Net: NetName=3.3V Pin=R11-2
Added Pin To Net: NetName=CLK Pin=R12-1
Added Pin To Net: NetName=3.3V Pin=R12-2
Added Pin To Net: NetName=MISO Pin=R13-1
Added Pin To Net: NetName=3.3V Pin=R13-2
Added Member To Class: ClassName=Sheet2 Member=Component C1 C-P
Added Member To Class: ClassName=Sheet2 Member=Component C2 C-N
Added Member To Class: ClassName=Sheet2 Member=Component C5 C-P
Added Member To Class: ClassName=Sheet2 Member=Component C6 C-N
Added Member To Class: ClassName=Sheet2 Member=Component D1 D Schottky
Added Member To Class: ClassName=Sheet2 Member=Component D2 D Schottky
Added Member To Class: ClassName=Sheet2 Member=Component Q4 C1815
Added Member To Class: ClassName=Sheet2 Member=Component Q5 C1815
Added Member To Class: ClassName=Sheet2 Member=Component R7 1k
Added Member To Class: ClassName=Sheet2 Member=Component R9 1k
