Removed Pin From Net: NetName=5V Pin=C1-1
Removed Pin From Net: NetName=GND Pin=C1-2
Removed Pin From Net: NetName=5V Pin=C2-1
Removed Pin From Net: NetName=GND Pin=C2-2
Removed Pin From Net: NetName=5V Pin=C5-1
Removed Pin From Net: NetName=GND Pin=C5-2
Removed Pin From Net: NetName=5V Pin=C6-1
Removed Pin From Net: NetName=GND Pin=C6-2
Removed Pin From Net: NetName=NetD1_1 Pin=D1-1
Removed Pin From Net: NetName=5V Pin=D1-2
Removed Pin From Net: NetName=NetD2_1 Pin=D2-1
Removed Pin From Net: NetName=5V Pin=D2-2
Removed Pin From Net: NetName=GND Pin=Q4-2
Removed Pin From Net: NetName=NetD1_1 Pin=Q4-3
Removed Pin From Net: NetName=GND Pin=Q5-2
Removed Pin From Net: NetName=NetD2_1 Pin=Q5-3
Removed Pin From Net: NetName=EC_IN Pin=R7-1
Removed Pin From Net: NetName=DO_IN Pin=R9-1
Change Component Designator: OldDesignator=U? NewDesignator=U1
Added Component: Designator=C1(CT1206)
Add component (AddParameter): Name = "Value"; Value = "10u"; VariantName = "[No Variations]"
Added Component: Designator=C2(CC0805L)
Add component (AddParameter): Name = "Value"; Value = "100n"; VariantName = "[No Variations]"
Added Component: Designator=C5(CT1206)
Add component (AddParameter): Name = "Value"; Value = "10u"; VariantName = "[No Variations]"
Added Component: Designator=C6(CC0805L)
Add component (AddParameter): Name = "Value"; Value = "100n"; VariantName = "[No Variations]"
Added Component: Designator=D1(DO-214AC)
Added Component: Designator=D2(DO-214AC)
Added Component: Designator=Q4(SOT-23)
Added Component: Designator=Q5(SOT-23)
Added Component: Designator=R7(tro smd 0805)
Add component (AddParameter): Name = "Chung_Loai"; Value = "Dán"; VariantName = "[No Variations]"
Add component (AddParameter): Name = "Don_Vi"; Value = "Con"; VariantName = "[No Variations]"
Add component (AddParameter): Name = "Kieu_Chan"; Value = ""; VariantName = "[No Variations]"
Add component (AddParameter): Name = "Ma_Hang"; Value = "MH005468"; VariantName = "[No Variations]"
Add component (AddParameter): Name = "So_Chan"; Value = "2"; VariantName = "[No Variations]"
Add component (AddParameter): Name = "Ten_Linh_Kien"; Value = "Tr? 0805 1% 1k"; VariantName = "[No Variations]"
Added Component: Designator=R9(tro smd 0805)
Add component (AddParameter): Name = "Chung_Loai"; Value = "Dán"; VariantName = "[No Variations]"
Add component (AddParameter): Name = "Don_Vi"; Value = "Con"; VariantName = "[No Variations]"
Add component (AddParameter): Name = "Kieu_Chan"; Value = ""; VariantName = "[No Variations]"
Add component (AddParameter): Name = "Ma_Hang"; Value = "MH005468"; VariantName = "[No Variations]"
Add component (AddParameter): Name = "So_Chan"; Value = "2"; VariantName = "[No Variations]"
Add component (AddParameter): Name = "Ten_Linh_Kien"; Value = "Tr? 0805 1% 1k"; VariantName = "[No Variations]"
Added Pin To Net: NetName=5V Pin=C1-1
Added Pin To Net: NetName=GND Pin=C1-2
Added Pin To Net: NetName=GND Pin=C2-1
Added Pin To Net: NetName=5V Pin=C2-2
Added Pin To Net: NetName=5V Pin=C5-1
Added Pin To Net: NetName=GND Pin=C5-2
Added Pin To Net: NetName=GND Pin=C6-1
Added Pin To Net: NetName=5V Pin=C6-2
Added Pin To Net: NetName=NetD1_1 Pin=D1-1
Added Pin To Net: NetName=5V Pin=D1-2
Added Pin To Net: NetName=NetD2_1 Pin=D2-1
Added Pin To Net: NetName=5V Pin=D2-2
Added Pin To Net: NetName=NetD1_1 Pin=Q4-3
Added Pin To Net: NetName=GND Pin=Q5-2
Added Pin To Net: NetName=NetD2_1 Pin=Q5-3
Added Pin To Net: NetName=EC_IN Pin=R7-2
Added Pin To Net: NetName=DO_IN Pin=R9-2
Added Pin To Net: NetName=NetQ4_3 Pin=R7-1
Added Pin To Net: NetName=NetQ4_3 Pin=Q4-1
Added Net: Name=NetQ4_3
Added Pin To Net: NetName=NetQ5_3 Pin=R9-1
Added Pin To Net: NetName=NetQ5_3 Pin=Q5-1
Added Net: Name=NetQ5_3
