Removed Pin From Net: NetName=GND Pin=JP1-1
Removed Pin From Net: NetName=3.3V Pin=JP1-2
Removed Pin From Net: NetName=5V Pin=JP1-3
Added Component: Designator=P(JP 1x3 DT)
Add component (AddParameter): Name = "Chung_Loai"; Value = "C?m"; VariantName = "[No Variations]"
Add component (AddParameter): Name = "Don_Vi"; Value = "Con"; VariantName = "[No Variations]"
Add component (AddParameter): Name = "Ghi_Chu"; Value = ""; VariantName = "[No Variations]"
Add component (AddParameter): Name = "Kieu_Chan"; Value = ""; VariantName = "[No Variations]"
Add component (AddParameter): Name = "Ma_Hang"; Value = "MH000903"; VariantName = "[No Variations]"
Add component (AddParameter): Name = "Ten_Linh_Kien"; Value = "Jump Ðon Ð?c 2.54MM 1x40P Th?ng 11MM"; VariantName = "[No Variations]"
Added Pin To Net: NetName=DC_IN Pin=C4-1
Added Pin To Net: NetName=DC_IN Pin=JDC1-1
Added Pin To Net: NetName=GND Pin=P-1
Added Pin To Net: NetName=3.3V Pin=P-2
Added Pin To Net: NetName=5V Pin=P-3
Added Pin To Net: NetName=DC_IN Pin=U1-1
Added Member To Class: ClassName=Sheet2 Member=Component C5 220uF
Added Member To Class: ClassName=Sheet2 Member=Component C6 C-P
Added Member To Class: ClassName=Sheet2 Member=Component C7 C-N
Added Member To Class: ClassName=Sheet2 Member=Component C8 JP15
Added Member To Class: ClassName=Sheet2 Member=Component C9 JP15
Added Member To Class: ClassName=Sheet2 Member=Component C10 C-P
Added Member To Class: ClassName=Sheet2 Member=Component C11 C-N
Added Member To Class: ClassName=Sheet2 Member=Component D1 SS14
Added Member To Class: ClassName=Sheet2 Member=Component D4 D Schottky
Added Member To Class: ClassName=Sheet2 Member=Component JDC1 Jac DC
Added Member To Class: ClassName=Sheet2 Member=Component JP3 DO
Added Member To Class: ClassName=Sheet2 Member=Component P SIM_UART
Added Member To Class: ClassName=Sheet2 Member=Component R3 10k
Added Member To Class: ClassName=Sheet2 Member=Component R4 10k
Added Member To Class: ClassName=Sheet2 Member=Component R5 10k
Added Member To Class: ClassName=Sheet2 Member=Component R6 10k
Added Member To Class: ClassName=Sheet2 Member=Component R9 1k
Added Member To Class: ClassName=Sheet2 Member=Component R10 10k
Added Member To Class: ClassName=Sheet2 Member=Component R12 1k
Added Member To Class: ClassName=Sheet2 Member=Component R14 1k
Added Member To Class: ClassName=Sheet2 Member=Component R15 1k
Added Member To Class: ClassName=Sheet2 Member=Component U2 ESP32-DEVKIT-V1
