Removed Pin From Net: NetName=GND Pin=C?-1
Removed Pin From Net: NetName=GND Pin=C?-2
Removed Pin From Net: NetName=NetJP?_1 Pin=JP?-1
Removed Pin From Net: NetName=NetJP?_3 Pin=JP?-3
Removed Pin From Net: NetName=EC_IN Pin=R?-2
Added Component: Designator=C?(tu 0805)
Add component (AddParameter): Name = "Chung_Loai"; Value = "Dán"; VariantName = "[No Variations]"
Add component (AddParameter): Name = "Don_Vi"; Value = "Con"; VariantName = "[No Variations]"
Add component (AddParameter): Name = "Kieu_Chan"; Value = ""; VariantName = "[No Variations]"
Add component (AddParameter): Name = "Ma_Hang"; Value = "MH004551"; VariantName = "[No Variations]"
Add component (AddParameter): Name = "So_Chan"; Value = "2"; VariantName = "[No Variations]"
Add component (AddParameter): Name = "Ten_Linh_Kien"; Value = "T? 0805 104-100nF 10% 50V"; VariantName = "[No Variations]"
Added Component: Designator=C?(tu 0805)
Add component (AddParameter): Name = "Chung_Loai"; Value = "Dán"; VariantName = "[No Variations]"
Add component (AddParameter): Name = "Don_Vi"; Value = "Con"; VariantName = "[No Variations]"
Add component (AddParameter): Name = "Kieu_Chan"; Value = ""; VariantName = "[No Variations]"
Add component (AddParameter): Name = "Ma_Hang"; Value = "MH004551"; VariantName = "[No Variations]"
Add component (AddParameter): Name = "So_Chan"; Value = "2"; VariantName = "[No Variations]"
Add component (AddParameter): Name = "Ten_Linh_Kien"; Value = "T? 0805 104-100nF 10% 50V"; VariantName = "[No Variations]"
Added Component: Designator=C?(tu hoa 4mm)
Add component (AddParameter): Name = "Chung_Loai"; Value = "C?m"; VariantName = "[No Variations]"
Add component (AddParameter): Name = "Don_Vi"; Value = "Con"; VariantName = "[No Variations]"
Add component (AddParameter): Name = "Kieu_Chan"; Value = ""; VariantName = "[No Variations]"
Add component (AddParameter): Name = "Ma_Hang"; Value = "MH001349"; VariantName = "[No Variations]"
Add component (AddParameter): Name = "So_Chan"; Value = "2"; VariantName = "[No Variations]"
Add component (AddParameter): Name = "Ten_Linh_Kien"; Value = "T? Hóa 10uF 25V 4x7MM"; VariantName = "[No Variations]"
Added Component: Designator=C?(tu hoa 4mm)
Add component (AddParameter): Name = "Chung_Loai"; Value = "C?m"; VariantName = "[No Variations]"
Add component (AddParameter): Name = "Don_Vi"; Value = "Con"; VariantName = "[No Variations]"
Add component (AddParameter): Name = "Kieu_Chan"; Value = ""; VariantName = "[No Variations]"
Add component (AddParameter): Name = "Ma_Hang"; Value = "MH001349"; VariantName = "[No Variations]"
Add component (AddParameter): Name = "So_Chan"; Value = "2"; VariantName = "[No Variations]"
Add component (AddParameter): Name = "Ten_Linh_Kien"; Value = "T? Hóa 10uF 25V 4x7MM"; VariantName = "[No Variations]"
Added Component: Designator=Q?(SOT23)
Add component (AddParameter): Name = "Value"; Value = "C9014"; VariantName = "[No Variations]"
Added Component: Designator=Q?(SOT23)
Add component (AddParameter): Name = "Value"; Value = "C9014"; VariantName = "[No Variations]"
Added Component: Designator=R?(tro smd 0805)
Add component (AddParameter): Name = "Chung_Loai"; Value = "Dán"; VariantName = "[No Variations]"
Add component (AddParameter): Name = "Don_Vi"; Value = "Con"; VariantName = "[No Variations]"
Add component (AddParameter): Name = "Kieu_Chan"; Value = ""; VariantName = "[No Variations]"
Add component (AddParameter): Name = "Ma_Hang"; Value = "MH005468"; VariantName = "[No Variations]"
Add component (AddParameter): Name = "So_Chan"; Value = "2"; VariantName = "[No Variations]"
Add component (AddParameter): Name = "Ten_Linh_Kien"; Value = "Tr? 0805 1% 1k"; VariantName = "[No Variations]"
Added Component: Designator=R?(tro smd 0805)
Add component (AddParameter): Name = "Chung_Loai"; Value = "Dán"; VariantName = "[No Variations]"
Add component (AddParameter): Name = "Don_Vi"; Value = "Con"; VariantName = "[No Variations]"
Add component (AddParameter): Name = "Kieu_Chan"; Value = ""; VariantName = "[No Variations]"
Add component (AddParameter): Name = "Ma_Hang"; Value = "MH005468"; VariantName = "[No Variations]"
Add component (AddParameter): Name = "So_Chan"; Value = "2"; VariantName = "[No Variations]"
Add component (AddParameter): Name = "Ten_Linh_Kien"; Value = "Tr? 0805 1% 1k"; VariantName = "[No Variations]"
Added Pin To Net: NetName=5V Pin=C?-1
Added Pin To Net: NetName=5V Pin=C?-1
Added Pin To Net: NetName=5V Pin=C?-1
Added Pin To Net: NetName=5V Pin=C?-1
Added Pin To Net: NetName=GND Pin=C?-2
Added Pin To Net: NetName=GND Pin=C?-2
Added Pin To Net: NetName=GND Pin=C?-2
Added Pin To Net: NetName=GND Pin=C?-2
Added Pin To Net: NetName=NetJP?_1 Pin=JP?-1
Added Pin To Net: NetName=NetJP?_3 Pin=JP?-3
Added Pin To Net: NetName=3.3V Pin=Q?-1
Added Pin To Net: NetName=3.3V Pin=Q?-1
Added Pin To Net: NetName=3.3V Pin=Q?-1
Added Pin To Net: NetName=DO_ON Pin=Q?-2
Added Pin To Net: NetName=EC_ON Pin=Q?-2
Added Pin To Net: NetName=GND Pin=Q?-2
Added Pin To Net: NetName=GND Pin=Q?-2
Added Pin To Net: NetName=pH_ON Pin=Q?-2
Added Pin To Net: NetName=DO_ON_5V Pin=Q?-3
Added Pin To Net: NetName=EC_ON_5V Pin=Q?-3
Added Pin To Net: NetName=NetD?_1 Pin=Q?-3
Added Pin To Net: NetName=pH_ON_5V Pin=Q?-3
Added Pin To Net: NetName=CLK Pin=R?-1
Added Pin To Net: NetName=DO_IN Pin=R?-1
Added Pin To Net: NetName=EC_IN Pin=R?-1
Added Pin To Net: NetName=3.3V Pin=R?-2
Added Pin To Net: NetName=NetQ?_1 Pin=Q?-1
Added Pin To Net: NetName=NetQ?_1 Pin=R?-2
Added Net: Name=NetQ?_1
Added Member To Class: ClassName=Sheet2 Member=Component C? 100u
Added Member To Class: ClassName=Sheet2 Member=Component C? JP15
Added Member To Class: ClassName=Sheet2 Member=Component C? 100u
Added Member To Class: ClassName=Sheet2 Member=Component C? 10uF
Added Member To Class: ClassName=Sheet2 Member=Component C? JP15
Added Member To Class: ClassName=Sheet2 Member=Component JP? EC
Added Member To Class: ClassName=Sheet2 Member=Component Q? DMN2075U-7
Added Member To Class: ClassName=Sheet2 Member=Component Q? HF
Added Member To Class: ClassName=Sheet2 Member=Component Q? DMN2075U-7
Added Member To Class: ClassName=Sheet2 Member=Component Q? HF
Added Member To Class: ClassName=Sheet2 Member=Component Q? DMN2075U-7
Added Member To Class: ClassName=Sheet2 Member=Component R? 1k
Added Member To Class: ClassName=Sheet2 Member=Component R? 1k
Added Member To Class: ClassName=Sheet2 Member=Component R? 10k
Added Member To Class: ClassName=Sheet2 Member=Component R? 10k
Added Member To Class: ClassName=Sheet2 Member=Component R? 1k
Added Member To Class: ClassName=Sheet2 Member=Component R? 10k
Added Member To Class: ClassName=Sheet2 Member=Component R? 10k
Added Member To Class: ClassName=Sheet2 Member=Component R? 10k
Added Member To Class: ClassName=Sheet2 Member=Component R? 1k
Added Member To Class: ClassName=Sheet2 Member=Component R? 10k
Added Member To Class: ClassName=Sheet2 Member=Component R? 10k
Added Member To Class: ClassName=Sheet2 Member=Component R? 1k
